[2025-11-26T07:44:22.456+0000] {local_task_job_runner.py:120} INFO - ::group::Pre task execution logs
[2025-11-26T07:44:22.500+0000] {taskinstance.py:2076} INFO - Dependencies all met for dep_context=non-requeueable deps ti=<TaskInstance: titanic_pipeline.train_model manual__2025-11-26T07:29:39.081141+00:00 [queued]>
[2025-11-26T07:44:22.520+0000] {taskinstance.py:2076} INFO - Dependencies all met for dep_context=requeueable deps ti=<TaskInstance: titanic_pipeline.train_model manual__2025-11-26T07:29:39.081141+00:00 [queued]>
[2025-11-26T07:44:22.521+0000] {taskinstance.py:2306} INFO - Starting attempt 2 of 2
[2025-11-26T07:44:22.544+0000] {taskinstance.py:2330} INFO - Executing <Task(BashOperator): train_model> on 2025-11-26 07:29:39.081141+00:00
[2025-11-26T07:44:22.552+0000] {standard_task_runner.py:63} INFO - Started process 126 to run task
[2025-11-26T07:44:22.558+0000] {standard_task_runner.py:90} INFO - Running: ['***', 'tasks', 'run', 'titanic_pipeline', 'train_model', 'manual__2025-11-26T07:29:39.081141+00:00', '--job-id', '14', '--raw', '--subdir', 'DAGS_FOLDER/training_pipeline_dag.py', '--cfg-path', '/tmp/tmppvdvf_z8']
[2025-11-26T07:44:22.561+0000] {standard_task_runner.py:91} INFO - Job 14: Subtask train_model
[2025-11-26T07:44:22.590+0000] {warnings.py:109} WARNING - /home/***/.local/lib/python3.10/site-packages/***/settings.py:195: DeprecationWarning: The sql_alchemy_conn option in [core] has been moved to the sql_alchemy_conn option in [database] - the old setting has been used, but please update your config.
  SQL_ALCHEMY_CONN = conf.get("database", "SQL_ALCHEMY_CONN")

[2025-11-26T07:44:22.704+0000] {task_command.py:426} INFO - Running <TaskInstance: titanic_pipeline.train_model manual__2025-11-26T07:29:39.081141+00:00 [running]> on host acfcbdbba603
[2025-11-26T07:44:22.836+0000] {taskinstance.py:2648} INFO - Exporting env vars: AIRFLOW_CTX_DAG_OWNER='***' AIRFLOW_CTX_DAG_ID='titanic_pipeline' AIRFLOW_CTX_TASK_ID='train_model' AIRFLOW_CTX_EXECUTION_DATE='2025-11-26T07:29:39.081141+00:00' AIRFLOW_CTX_TRY_NUMBER='2' AIRFLOW_CTX_DAG_RUN_ID='manual__2025-11-26T07:29:39.081141+00:00'
[2025-11-26T07:44:22.838+0000] {taskinstance.py:430} INFO - ::endgroup::
[2025-11-26T07:44:22.860+0000] {subprocess.py:63} INFO - Tmp dir root location: /tmp
[2025-11-26T07:44:22.864+0000] {subprocess.py:75} INFO - Running command: ['/usr/bin/bash', '-c', 'python /opt/***/scripts/train_model.py /opt/***/data/cleaned_data.csv']
[2025-11-26T07:44:22.882+0000] {subprocess.py:86} INFO - Output:
[2025-11-26T07:44:27.954+0000] {subprocess.py:93} INFO - 2025/11/26 07:44:27 WARNING mlflow.models.model: `artifact_path` is deprecated. Please use `name` instead.
[2025-11-26T07:44:28.232+0000] {subprocess.py:93} INFO - Loading processed data from: /opt/***/data/cleaned_data.csv
[2025-11-26T07:44:28.234+0000] {subprocess.py:93} INFO - 
[2025-11-26T07:44:28.237+0000] {subprocess.py:93} INFO - === Logging model to MLflow ===
[2025-11-26T07:44:28.239+0000] {subprocess.py:93} INFO - 🏃 View run debonair-perch-717 at: http://mlflow-server:5000/#/experiments/1/runs/67f71958f2c54ec6bd8091c5d6422546
[2025-11-26T07:44:28.240+0000] {subprocess.py:93} INFO - 🧪 View experiment at: http://mlflow-server:5000/#/experiments/1
[2025-11-26T07:44:28.242+0000] {subprocess.py:93} INFO - Traceback (most recent call last):
[2025-11-26T07:44:28.244+0000] {subprocess.py:93} INFO -   File "/opt/***/scripts/train_model.py", line 95, in <module>
[2025-11-26T07:44:28.246+0000] {subprocess.py:93} INFO -     train(sys.argv[1])
[2025-11-26T07:44:28.249+0000] {subprocess.py:93} INFO -   File "/opt/***/scripts/train_model.py", line 62, in train
[2025-11-26T07:44:28.255+0000] {subprocess.py:93} INFO -     model_info = mlflow.sklearn.log_model(
[2025-11-26T07:44:28.257+0000] {subprocess.py:93} INFO -   File "/home/***/.local/lib/python3.10/site-packages/mlflow/sklearn/__init__.py", line 426, in log_model
[2025-11-26T07:44:28.259+0000] {subprocess.py:93} INFO -     return Model.log(
[2025-11-26T07:44:28.262+0000] {subprocess.py:93} INFO -   File "/home/***/.local/lib/python3.10/site-packages/mlflow/models/model.py", line 1165, in log
[2025-11-26T07:44:28.263+0000] {subprocess.py:93} INFO -     model = _create_logged_model(
[2025-11-26T07:44:28.270+0000] {subprocess.py:93} INFO -   File "/home/***/.local/lib/python3.10/site-packages/mlflow/tracking/fluent.py", line 2330, in _create_logged_model
[2025-11-26T07:44:28.274+0000] {subprocess.py:93} INFO -     return MlflowClient()._create_logged_model(
[2025-11-26T07:44:28.278+0000] {subprocess.py:93} INFO -   File "/home/***/.local/lib/python3.10/site-packages/mlflow/tracking/client.py", line 5500, in _create_logged_model
[2025-11-26T07:44:28.282+0000] {subprocess.py:93} INFO -     return self._tracking_client.create_logged_model(
[2025-11-26T07:44:28.285+0000] {subprocess.py:93} INFO -   File "/home/***/.local/lib/python3.10/site-packages/mlflow/telemetry/track.py", line 30, in wrapper
[2025-11-26T07:44:28.288+0000] {subprocess.py:93} INFO -     result = func(*args, **kwargs)
[2025-11-26T07:44:28.290+0000] {subprocess.py:93} INFO -   File "/home/***/.local/lib/python3.10/site-packages/mlflow/tracking/_tracking_service/client.py", line 870, in create_logged_model
[2025-11-26T07:44:28.296+0000] {subprocess.py:93} INFO -     return self.store.create_logged_model(
[2025-11-26T07:44:28.299+0000] {subprocess.py:93} INFO -   File "/home/***/.local/lib/python3.10/site-packages/mlflow/store/tracking/rest_store.py", line 932, in create_logged_model
[2025-11-26T07:44:28.302+0000] {subprocess.py:93} INFO -     response_proto = self._call_endpoint(CreateLoggedModel, req_body)
[2025-11-26T07:44:28.304+0000] {subprocess.py:93} INFO -   File "/home/***/.local/lib/python3.10/site-packages/mlflow/store/tracking/rest_store.py", line 203, in _call_endpoint
[2025-11-26T07:44:28.305+0000] {subprocess.py:93} INFO -     return call_endpoint(
[2025-11-26T07:44:28.307+0000] {subprocess.py:93} INFO -   File "/home/***/.local/lib/python3.10/site-packages/mlflow/utils/rest_utils.py", line 596, in call_endpoint
[2025-11-26T07:44:28.309+0000] {subprocess.py:93} INFO -     response = verify_rest_response(response, endpoint)
[2025-11-26T07:44:28.310+0000] {subprocess.py:93} INFO -   File "/home/***/.local/lib/python3.10/site-packages/mlflow/utils/rest_utils.py", line 321, in verify_rest_response
[2025-11-26T07:44:28.313+0000] {subprocess.py:93} INFO -     raise MlflowException(
[2025-11-26T07:44:28.316+0000] {subprocess.py:93} INFO - mlflow.exceptions.MlflowException: API request to endpoint /api/2.0/mlflow/logged-models failed with error code 404 != 200. Response body: '<!doctype html>
[2025-11-26T07:44:28.318+0000] {subprocess.py:93} INFO - <html lang=en>
[2025-11-26T07:44:28.320+0000] {subprocess.py:93} INFO - <title>404 Not Found</title>
[2025-11-26T07:44:28.322+0000] {subprocess.py:93} INFO - <h1>Not Found</h1>
[2025-11-26T07:44:28.324+0000] {subprocess.py:93} INFO - <p>The requested URL was not found on the server. If you entered the URL manually please check your spelling and try again.</p>
[2025-11-26T07:44:28.325+0000] {subprocess.py:93} INFO - '
[2025-11-26T07:44:29.418+0000] {subprocess.py:97} INFO - Command exited with return code 1
[2025-11-26T07:44:29.437+0000] {taskinstance.py:441} INFO - ::group::Post task execution logs
[2025-11-26T07:44:29.501+0000] {taskinstance.py:2905} ERROR - Task failed with exception
Traceback (most recent call last):
  File "/home/airflow/.local/lib/python3.10/site-packages/airflow/models/taskinstance.py", line 465, in _execute_task
    result = _execute_callable(context=context, **execute_callable_kwargs)
  File "/home/airflow/.local/lib/python3.10/site-packages/airflow/models/taskinstance.py", line 432, in _execute_callable
    return execute_callable(context=context, **execute_callable_kwargs)
  File "/home/airflow/.local/lib/python3.10/site-packages/airflow/models/baseoperator.py", line 401, in wrapper
    return func(self, *args, **kwargs)
  File "/home/airflow/.local/lib/python3.10/site-packages/airflow/operators/bash.py", line 243, in execute
    raise AirflowException(
airflow.exceptions.AirflowException: Bash command failed. The command returned a non-zero exit code 1.
[2025-11-26T07:44:29.624+0000] {taskinstance.py:1206} INFO - Marking task as FAILED. dag_id=titanic_pipeline, task_id=train_model, run_id=manual__2025-11-26T07:29:39.081141+00:00, execution_date=20251126T072939, start_date=20251126T074422, end_date=20251126T074429
[2025-11-26T07:44:29.701+0000] {standard_task_runner.py:110} ERROR - Failed to execute job 14 for task train_model (Bash command failed. The command returned a non-zero exit code 1.; 126)
[2025-11-26T07:44:29.745+0000] {local_task_job_runner.py:240} INFO - Task exited with return code 1
[2025-11-26T07:44:29.794+0000] {taskinstance.py:3503} INFO - 0 downstream tasks scheduled from follow-on schedule check
[2025-11-26T07:44:29.805+0000] {local_task_job_runner.py:222} INFO - ::endgroup::
