[2025-11-26T10:20:01.414+0000] {local_task_job_runner.py:120} INFO - ::group::Pre task execution logs
[2025-11-26T10:20:01.444+0000] {taskinstance.py:2076} INFO - Dependencies all met for dep_context=non-requeueable deps ti=<TaskInstance: titanic_pipeline.preprocess_data scheduled__2025-11-26T10:15:00+00:00 [queued]>
[2025-11-26T10:20:01.452+0000] {taskinstance.py:2076} INFO - Dependencies all met for dep_context=requeueable deps ti=<TaskInstance: titanic_pipeline.preprocess_data scheduled__2025-11-26T10:15:00+00:00 [queued]>
[2025-11-26T10:20:01.453+0000] {taskinstance.py:2306} INFO - Starting attempt 1 of 2
[2025-11-26T10:20:01.468+0000] {taskinstance.py:2330} INFO - Executing <Task(BashOperator): preprocess_data> on 2025-11-26 10:15:00+00:00
[2025-11-26T10:20:01.474+0000] {standard_task_runner.py:63} INFO - Started process 149 to run task
[2025-11-26T10:20:01.476+0000] {standard_task_runner.py:90} INFO - Running: ['***', 'tasks', 'run', 'titanic_pipeline', 'preprocess_data', 'scheduled__2025-11-26T10:15:00+00:00', '--job-id', '17', '--raw', '--subdir', 'DAGS_FOLDER/training_pipeline_dag.py', '--cfg-path', '/tmp/tmprqge4kpa']
[2025-11-26T10:20:01.477+0000] {standard_task_runner.py:91} INFO - Job 17: Subtask preprocess_data
[2025-11-26T10:20:01.497+0000] {warnings.py:109} WARNING - /home/***/.local/lib/python3.10/site-packages/***/settings.py:195: DeprecationWarning: The sql_alchemy_conn option in [core] has been moved to the sql_alchemy_conn option in [database] - the old setting has been used, but please update your config.
  SQL_ALCHEMY_CONN = conf.get("database", "SQL_ALCHEMY_CONN")

[2025-11-26T10:20:01.574+0000] {task_command.py:426} INFO - Running <TaskInstance: titanic_pipeline.preprocess_data scheduled__2025-11-26T10:15:00+00:00 [running]> on host 86765dc6c081
[2025-11-26T10:20:01.642+0000] {taskinstance.py:2648} INFO - Exporting env vars: AIRFLOW_CTX_DAG_OWNER='***' AIRFLOW_CTX_DAG_ID='titanic_pipeline' AIRFLOW_CTX_TASK_ID='preprocess_data' AIRFLOW_CTX_EXECUTION_DATE='2025-11-26T10:15:00+00:00' AIRFLOW_CTX_TRY_NUMBER='1' AIRFLOW_CTX_DAG_RUN_ID='scheduled__2025-11-26T10:15:00+00:00'
[2025-11-26T10:20:01.644+0000] {taskinstance.py:430} INFO - ::endgroup::
[2025-11-26T10:20:01.661+0000] {subprocess.py:63} INFO - Tmp dir root location: /tmp
[2025-11-26T10:20:01.662+0000] {subprocess.py:75} INFO - Running command: ['/usr/bin/bash', '-c', 'python /opt/***/scripts/preprocess.py /opt/***/data/titanic.csv /opt/***/data/cleaned_data.csv']
[2025-11-26T10:20:01.672+0000] {subprocess.py:86} INFO - Output:
[2025-11-26T10:20:02.899+0000] {subprocess.py:93} INFO - Loading raw data from: /opt/***/data/titanic.csv
[2025-11-26T10:20:02.899+0000] {subprocess.py:93} INFO - Data processing complete. Writing processed dataset to /opt/***/data/cleaned_data.csv...
[2025-11-26T10:20:02.900+0000] {subprocess.py:93} INFO - Wrote processed dataset to /opt/***/data/cleaned_data.csv
[2025-11-26T10:20:02.980+0000] {subprocess.py:97} INFO - Command exited with return code 0
[2025-11-26T10:20:02.981+0000] {taskinstance.py:441} INFO - ::group::Post task execution logs
[2025-11-26T10:20:03.005+0000] {taskinstance.py:1206} INFO - Marking task as SUCCESS. dag_id=titanic_pipeline, task_id=preprocess_data, run_id=scheduled__2025-11-26T10:15:00+00:00, execution_date=20251126T101500, start_date=20251126T102001, end_date=20251126T102003
[2025-11-26T10:20:03.041+0000] {local_task_job_runner.py:240} INFO - Task exited with return code 0
[2025-11-26T10:20:03.074+0000] {taskinstance.py:3503} INFO - 1 downstream tasks scheduled from follow-on schedule check
[2025-11-26T10:20:03.078+0000] {local_task_job_runner.py:222} INFO - ::endgroup::
