[2025-11-26T10:32:36.889+0000] {local_task_job_runner.py:120} INFO - ::group::Pre task execution logs
[2025-11-26T10:32:36.916+0000] {taskinstance.py:2076} INFO - Dependencies all met for dep_context=non-requeueable deps ti=<TaskInstance: titanic_pipeline.preprocess_data manual__2025-11-26T10:32:35.163970+00:00 [queued]>
[2025-11-26T10:32:36.922+0000] {taskinstance.py:2076} INFO - Dependencies all met for dep_context=requeueable deps ti=<TaskInstance: titanic_pipeline.preprocess_data manual__2025-11-26T10:32:35.163970+00:00 [queued]>
[2025-11-26T10:32:36.923+0000] {taskinstance.py:2306} INFO - Starting attempt 1 of 2
[2025-11-26T10:32:36.935+0000] {taskinstance.py:2330} INFO - Executing <Task(BashOperator): preprocess_data> on 2025-11-26 10:32:35.163970+00:00
[2025-11-26T10:32:36.939+0000] {standard_task_runner.py:63} INFO - Started process 388 to run task
[2025-11-26T10:32:36.943+0000] {standard_task_runner.py:90} INFO - Running: ['***', 'tasks', 'run', 'titanic_pipeline', 'preprocess_data', 'manual__2025-11-26T10:32:35.163970+00:00', '--job-id', '26', '--raw', '--subdir', 'DAGS_FOLDER/training_pipeline_dag.py', '--cfg-path', '/tmp/tmphwo46y2b']
[2025-11-26T10:32:36.945+0000] {standard_task_runner.py:91} INFO - Job 26: Subtask preprocess_data
[2025-11-26T10:32:36.960+0000] {warnings.py:109} WARNING - /home/***/.local/lib/python3.10/site-packages/***/settings.py:195: DeprecationWarning: The sql_alchemy_conn option in [core] has been moved to the sql_alchemy_conn option in [database] - the old setting has been used, but please update your config.
  SQL_ALCHEMY_CONN = conf.get("database", "SQL_ALCHEMY_CONN")

[2025-11-26T10:32:37.027+0000] {task_command.py:426} INFO - Running <TaskInstance: titanic_pipeline.preprocess_data manual__2025-11-26T10:32:35.163970+00:00 [running]> on host 86765dc6c081
[2025-11-26T10:32:37.106+0000] {taskinstance.py:2648} INFO - Exporting env vars: AIRFLOW_CTX_DAG_OWNER='***' AIRFLOW_CTX_DAG_ID='titanic_pipeline' AIRFLOW_CTX_TASK_ID='preprocess_data' AIRFLOW_CTX_EXECUTION_DATE='2025-11-26T10:32:35.163970+00:00' AIRFLOW_CTX_TRY_NUMBER='1' AIRFLOW_CTX_DAG_RUN_ID='manual__2025-11-26T10:32:35.163970+00:00'
[2025-11-26T10:32:37.107+0000] {taskinstance.py:430} INFO - ::endgroup::
[2025-11-26T10:32:37.136+0000] {subprocess.py:63} INFO - Tmp dir root location: /tmp
[2025-11-26T10:32:37.139+0000] {subprocess.py:75} INFO - Running command: ['/usr/bin/bash', '-c', 'python /opt/***/scripts/preprocess.py /opt/***/data/titanic.csv /opt/***/data/cleaned_data.csv']
[2025-11-26T10:32:37.151+0000] {subprocess.py:86} INFO - Output:
[2025-11-26T10:32:39.766+0000] {subprocess.py:93} INFO - Loading raw data from: /opt/***/data/titanic.csv
[2025-11-26T10:32:39.767+0000] {subprocess.py:93} INFO - Data processing complete. Writing processed dataset to /opt/***/data/cleaned_data.csv...
[2025-11-26T10:32:39.768+0000] {subprocess.py:93} INFO - Wrote processed dataset to /opt/***/data/cleaned_data.csv
[2025-11-26T10:32:39.917+0000] {subprocess.py:97} INFO - Command exited with return code 0
[2025-11-26T10:32:39.919+0000] {taskinstance.py:441} INFO - ::group::Post task execution logs
[2025-11-26T10:32:39.949+0000] {taskinstance.py:1206} INFO - Marking task as SUCCESS. dag_id=titanic_pipeline, task_id=preprocess_data, run_id=manual__2025-11-26T10:32:35.163970+00:00, execution_date=20251126T103235, start_date=20251126T103236, end_date=20251126T103239
[2025-11-26T10:32:40.006+0000] {local_task_job_runner.py:240} INFO - Task exited with return code 0
[2025-11-26T10:32:40.030+0000] {taskinstance.py:3503} INFO - 1 downstream tasks scheduled from follow-on schedule check
[2025-11-26T10:32:40.034+0000] {local_task_job_runner.py:222} INFO - ::endgroup::
