[2025-11-26T08:10:09.112+0000] {local_task_job_runner.py:120} INFO - ::group::Pre task execution logs
[2025-11-26T08:10:09.158+0000] {taskinstance.py:2076} INFO - Dependencies all met for dep_context=non-requeueable deps ti=<TaskInstance: titanic_pipeline.train_model scheduled__2025-11-26T08:05:00+00:00 [queued]>
[2025-11-26T08:10:09.170+0000] {taskinstance.py:2076} INFO - Dependencies all met for dep_context=requeueable deps ti=<TaskInstance: titanic_pipeline.train_model scheduled__2025-11-26T08:05:00+00:00 [queued]>
[2025-11-26T08:10:09.171+0000] {taskinstance.py:2306} INFO - Starting attempt 1 of 2
[2025-11-26T08:10:09.191+0000] {taskinstance.py:2330} INFO - Executing <Task(BashOperator): train_model> on 2025-11-26 08:05:00+00:00
[2025-11-26T08:10:09.198+0000] {standard_task_runner.py:63} INFO - Started process 206 to run task
[2025-11-26T08:10:09.204+0000] {standard_task_runner.py:90} INFO - Running: ['***', 'tasks', 'run', 'titanic_pipeline', 'train_model', 'scheduled__2025-11-26T08:05:00+00:00', '--job-id', '35', '--raw', '--subdir', 'DAGS_FOLDER/training_pipeline_dag.py', '--cfg-path', '/tmp/tmp6jn8_mwp']
[2025-11-26T08:10:09.206+0000] {standard_task_runner.py:91} INFO - Job 35: Subtask train_model
[2025-11-26T08:10:09.231+0000] {warnings.py:109} WARNING - /home/***/.local/lib/python3.10/site-packages/***/settings.py:195: DeprecationWarning: The sql_alchemy_conn option in [core] has been moved to the sql_alchemy_conn option in [database] - the old setting has been used, but please update your config.
  SQL_ALCHEMY_CONN = conf.get("database", "SQL_ALCHEMY_CONN")

[2025-11-26T08:10:09.326+0000] {task_command.py:426} INFO - Running <TaskInstance: titanic_pipeline.train_model scheduled__2025-11-26T08:05:00+00:00 [running]> on host b5baced81729
[2025-11-26T08:10:09.519+0000] {taskinstance.py:2648} INFO - Exporting env vars: AIRFLOW_CTX_DAG_OWNER='***' AIRFLOW_CTX_DAG_ID='titanic_pipeline' AIRFLOW_CTX_TASK_ID='train_model' AIRFLOW_CTX_EXECUTION_DATE='2025-11-26T08:05:00+00:00' AIRFLOW_CTX_TRY_NUMBER='1' AIRFLOW_CTX_DAG_RUN_ID='scheduled__2025-11-26T08:05:00+00:00'
[2025-11-26T08:10:09.523+0000] {taskinstance.py:430} INFO - ::endgroup::
[2025-11-26T08:10:09.580+0000] {subprocess.py:63} INFO - Tmp dir root location: /tmp
[2025-11-26T08:10:09.583+0000] {subprocess.py:75} INFO - Running command: ['/usr/bin/bash', '-c', 'python /opt/***/scripts/train_model.py /opt/***/data/cleaned_data.csv']
[2025-11-26T08:10:09.606+0000] {subprocess.py:86} INFO - Output:
[2025-11-26T08:10:28.035+0000] {subprocess.py:93} INFO - Traceback (most recent call last):
[2025-11-26T08:10:28.045+0000] {subprocess.py:93} INFO -   File "/opt/***/scripts/train_model.py", line 21, in <module>
[2025-11-26T08:10:28.047+0000] {subprocess.py:93} INFO -     mlflow.set_experiment(f"{MODEL_NAME}_Experiment")
[2025-11-26T08:10:28.048+0000] {subprocess.py:93} INFO -   File "/home/***/.local/lib/python3.10/site-packages/mlflow/tracking/fluent.py", line 187, in set_experiment
[2025-11-26T08:10:28.051+0000] {subprocess.py:93} INFO -     experiment = client.get_experiment_by_name(experiment_name)
[2025-11-26T08:10:28.053+0000] {subprocess.py:93} INFO -   File "/home/***/.local/lib/python3.10/site-packages/mlflow/tracking/_tracking_service/client.py", line 280, in get_experiment_by_name
[2025-11-26T08:10:28.054+0000] {subprocess.py:93} INFO -     return self.store.get_experiment_by_name(name)
[2025-11-26T08:10:28.055+0000] {subprocess.py:93} INFO -   File "/home/***/.local/lib/python3.10/site-packages/mlflow/store/tracking/rest_store.py", line 865, in get_experiment_by_name
[2025-11-26T08:10:28.059+0000] {subprocess.py:93} INFO -     response_proto = self._call_endpoint(GetExperimentByName, req_body)
[2025-11-26T08:10:28.061+0000] {subprocess.py:93} INFO -   File "/home/***/.local/lib/python3.10/site-packages/mlflow/store/tracking/rest_store.py", line 203, in _call_endpoint
[2025-11-26T08:10:28.062+0000] {subprocess.py:93} INFO -     return call_endpoint(
[2025-11-26T08:10:28.064+0000] {subprocess.py:93} INFO -   File "/home/***/.local/lib/python3.10/site-packages/mlflow/utils/rest_utils.py", line 596, in call_endpoint
[2025-11-26T08:10:28.066+0000] {subprocess.py:93} INFO -     response = verify_rest_response(response, endpoint)
[2025-11-26T08:10:28.067+0000] {subprocess.py:93} INFO -   File "/home/***/.local/lib/python3.10/site-packages/mlflow/utils/rest_utils.py", line 321, in verify_rest_response
[2025-11-26T08:10:28.068+0000] {subprocess.py:93} INFO -     raise MlflowException(
[2025-11-26T08:10:28.071+0000] {subprocess.py:93} INFO - mlflow.exceptions.MlflowException: API request to endpoint /api/2.0/mlflow/experiments/get-by-name failed with error code 403 != 200. Response body: 'Invalid Host header - possible DNS rebinding attack detected'
[2025-11-26T08:10:29.268+0000] {subprocess.py:97} INFO - Command exited with return code 1
[2025-11-26T08:10:29.292+0000] {taskinstance.py:441} INFO - ::group::Post task execution logs
[2025-11-26T08:10:29.427+0000] {taskinstance.py:2905} ERROR - Task failed with exception
Traceback (most recent call last):
  File "/home/airflow/.local/lib/python3.10/site-packages/airflow/models/taskinstance.py", line 465, in _execute_task
    result = _execute_callable(context=context, **execute_callable_kwargs)
  File "/home/airflow/.local/lib/python3.10/site-packages/airflow/models/taskinstance.py", line 432, in _execute_callable
    return execute_callable(context=context, **execute_callable_kwargs)
  File "/home/airflow/.local/lib/python3.10/site-packages/airflow/models/baseoperator.py", line 401, in wrapper
    return func(self, *args, **kwargs)
  File "/home/airflow/.local/lib/python3.10/site-packages/airflow/operators/bash.py", line 243, in execute
    raise AirflowException(
airflow.exceptions.AirflowException: Bash command failed. The command returned a non-zero exit code 1.
[2025-11-26T08:10:29.449+0000] {taskinstance.py:1206} INFO - Marking task as UP_FOR_RETRY. dag_id=titanic_pipeline, task_id=train_model, run_id=scheduled__2025-11-26T08:05:00+00:00, execution_date=20251126T080500, start_date=20251126T081009, end_date=20251126T081029
[2025-11-26T08:10:29.479+0000] {standard_task_runner.py:110} ERROR - Failed to execute job 35 for task train_model (Bash command failed. The command returned a non-zero exit code 1.; 206)
[2025-11-26T08:10:29.524+0000] {local_task_job_runner.py:240} INFO - Task exited with return code 1
[2025-11-26T08:10:29.555+0000] {taskinstance.py:3503} INFO - 0 downstream tasks scheduled from follow-on schedule check
[2025-11-26T08:10:29.561+0000] {local_task_job_runner.py:222} INFO - ::endgroup::
