[2025-11-26T04:11:23.783+0000] {local_task_job_runner.py:120} INFO - ::group::Pre task execution logs
[2025-11-26T04:11:23.836+0000] {taskinstance.py:2076} INFO - Dependencies all met for dep_context=non-requeueable deps ti=<TaskInstance: titanic_pipeline.train_model scheduled__2025-11-26T04:05:00+00:00 [queued]>
[2025-11-26T04:11:23.844+0000] {taskinstance.py:2076} INFO - Dependencies all met for dep_context=requeueable deps ti=<TaskInstance: titanic_pipeline.train_model scheduled__2025-11-26T04:05:00+00:00 [queued]>
[2025-11-26T04:11:23.845+0000] {taskinstance.py:2306} INFO - Starting attempt 2 of 2
[2025-11-26T04:11:23.861+0000] {taskinstance.py:2330} INFO - Executing <Task(BashOperator): train_model> on 2025-11-26 04:05:00+00:00
[2025-11-26T04:11:23.867+0000] {standard_task_runner.py:63} INFO - Started process 207 to run task
[2025-11-26T04:11:23.872+0000] {standard_task_runner.py:90} INFO - Running: ['***', 'tasks', 'run', 'titanic_pipeline', 'train_model', 'scheduled__2025-11-26T04:05:00+00:00', '--job-id', '33', '--raw', '--subdir', 'DAGS_FOLDER/training_pipeline_dag.py', '--cfg-path', '/tmp/tmps1nszyp3']
[2025-11-26T04:11:23.875+0000] {standard_task_runner.py:91} INFO - Job 33: Subtask train_model
[2025-11-26T04:11:23.897+0000] {warnings.py:109} WARNING - /home/***/.local/lib/python3.10/site-packages/***/settings.py:195: DeprecationWarning: The sql_alchemy_conn option in [core] has been moved to the sql_alchemy_conn option in [database] - the old setting has been used, but please update your config.
  SQL_ALCHEMY_CONN = conf.get("database", "SQL_ALCHEMY_CONN")

[2025-11-26T04:11:23.967+0000] {task_command.py:426} INFO - Running <TaskInstance: titanic_pipeline.train_model scheduled__2025-11-26T04:05:00+00:00 [running]> on host f4801e9e449d
[2025-11-26T04:11:24.047+0000] {taskinstance.py:2648} INFO - Exporting env vars: AIRFLOW_CTX_DAG_OWNER='***' AIRFLOW_CTX_DAG_ID='titanic_pipeline' AIRFLOW_CTX_TASK_ID='train_model' AIRFLOW_CTX_EXECUTION_DATE='2025-11-26T04:05:00+00:00' AIRFLOW_CTX_TRY_NUMBER='2' AIRFLOW_CTX_DAG_RUN_ID='scheduled__2025-11-26T04:05:00+00:00'
[2025-11-26T04:11:24.049+0000] {taskinstance.py:430} INFO - ::endgroup::
[2025-11-26T04:11:24.088+0000] {subprocess.py:63} INFO - Tmp dir root location: /tmp
[2025-11-26T04:11:24.091+0000] {subprocess.py:75} INFO - Running command: ['/usr/bin/bash', '-c', 'python /opt/***/scripts/train_model.py /opt/***/data/cleaned_data.csv']
[2025-11-26T04:11:24.107+0000] {subprocess.py:86} INFO - Output:
[2025-11-26T04:11:54.482+0000] {subprocess.py:93} INFO - 2025/11/26 04:11:54 WARNING mlflow.models.model: `artifact_path` is deprecated. Please use `name` instead.
[2025-11-26T04:11:55.742+0000] {subprocess.py:93} INFO - Loading processed data from: /opt/***/data/cleaned_data.csv
[2025-11-26T04:11:55.755+0000] {subprocess.py:93} INFO - 
[2025-11-26T04:11:55.757+0000] {subprocess.py:93} INFO - === Logging model to MLflow ===
[2025-11-26T04:11:55.758+0000] {subprocess.py:93} INFO - 🏃 View run lyrical-cub-10 at: http://mlflow-server:5000/#/experiments/1/runs/c54bb33d88a74770b8e2d5af0f3fd306
[2025-11-26T04:11:55.760+0000] {subprocess.py:93} INFO - 🧪 View experiment at: http://mlflow-server:5000/#/experiments/1
[2025-11-26T04:11:55.760+0000] {subprocess.py:93} INFO - Traceback (most recent call last):
[2025-11-26T04:11:55.761+0000] {subprocess.py:93} INFO -   File "/opt/***/scripts/train_model.py", line 95, in <module>
[2025-11-26T04:11:55.763+0000] {subprocess.py:93} INFO -     train(sys.argv[1])
[2025-11-26T04:11:55.764+0000] {subprocess.py:93} INFO -   File "/opt/***/scripts/train_model.py", line 62, in train
[2025-11-26T04:11:55.766+0000] {subprocess.py:93} INFO -     model_info = mlflow.sklearn.log_model(
[2025-11-26T04:11:55.767+0000] {subprocess.py:93} INFO -   File "/home/***/.local/lib/python3.10/site-packages/mlflow/sklearn/__init__.py", line 426, in log_model
[2025-11-26T04:11:55.777+0000] {subprocess.py:93} INFO -     return Model.log(
[2025-11-26T04:11:55.778+0000] {subprocess.py:93} INFO -   File "/home/***/.local/lib/python3.10/site-packages/mlflow/models/model.py", line 1165, in log
[2025-11-26T04:11:55.780+0000] {subprocess.py:93} INFO -     model = _create_logged_model(
[2025-11-26T04:11:55.781+0000] {subprocess.py:93} INFO -   File "/home/***/.local/lib/python3.10/site-packages/mlflow/tracking/fluent.py", line 2330, in _create_logged_model
[2025-11-26T04:11:55.784+0000] {subprocess.py:93} INFO -     return MlflowClient()._create_logged_model(
[2025-11-26T04:11:55.786+0000] {subprocess.py:93} INFO -   File "/home/***/.local/lib/python3.10/site-packages/mlflow/tracking/client.py", line 5500, in _create_logged_model
[2025-11-26T04:11:55.789+0000] {subprocess.py:93} INFO -     return self._tracking_client.create_logged_model(
[2025-11-26T04:11:55.791+0000] {subprocess.py:93} INFO -   File "/home/***/.local/lib/python3.10/site-packages/mlflow/telemetry/track.py", line 30, in wrapper
[2025-11-26T04:11:55.793+0000] {subprocess.py:93} INFO -     result = func(*args, **kwargs)
[2025-11-26T04:11:55.794+0000] {subprocess.py:93} INFO -   File "/home/***/.local/lib/python3.10/site-packages/mlflow/tracking/_tracking_service/client.py", line 870, in create_logged_model
[2025-11-26T04:11:55.797+0000] {subprocess.py:93} INFO -     return self.store.create_logged_model(
[2025-11-26T04:11:55.798+0000] {subprocess.py:93} INFO -   File "/home/***/.local/lib/python3.10/site-packages/mlflow/store/tracking/rest_store.py", line 932, in create_logged_model
[2025-11-26T04:11:55.800+0000] {subprocess.py:93} INFO -     response_proto = self._call_endpoint(CreateLoggedModel, req_body)
[2025-11-26T04:11:55.802+0000] {subprocess.py:93} INFO -   File "/home/***/.local/lib/python3.10/site-packages/mlflow/store/tracking/rest_store.py", line 203, in _call_endpoint
[2025-11-26T04:11:55.804+0000] {subprocess.py:93} INFO -     return call_endpoint(
[2025-11-26T04:11:55.805+0000] {subprocess.py:93} INFO -   File "/home/***/.local/lib/python3.10/site-packages/mlflow/utils/rest_utils.py", line 596, in call_endpoint
[2025-11-26T04:11:55.808+0000] {subprocess.py:93} INFO -     response = verify_rest_response(response, endpoint)
[2025-11-26T04:11:55.809+0000] {subprocess.py:93} INFO -   File "/home/***/.local/lib/python3.10/site-packages/mlflow/utils/rest_utils.py", line 321, in verify_rest_response
[2025-11-26T04:11:55.811+0000] {subprocess.py:93} INFO -     raise MlflowException(
[2025-11-26T04:11:55.812+0000] {subprocess.py:93} INFO - mlflow.exceptions.MlflowException: API request to endpoint /api/2.0/mlflow/logged-models failed with error code 404 != 200. Response body: '<!doctype html>
[2025-11-26T04:11:55.814+0000] {subprocess.py:93} INFO - <html lang=en>
[2025-11-26T04:11:55.815+0000] {subprocess.py:93} INFO - <title>404 Not Found</title>
[2025-11-26T04:11:55.816+0000] {subprocess.py:93} INFO - <h1>Not Found</h1>
[2025-11-26T04:11:55.817+0000] {subprocess.py:93} INFO - <p>The requested URL was not found on the server. If you entered the URL manually please check your spelling and try again.</p>
[2025-11-26T04:11:55.818+0000] {subprocess.py:93} INFO - '
[2025-11-26T04:11:56.723+0000] {subprocess.py:97} INFO - Command exited with return code 1
[2025-11-26T04:11:56.739+0000] {taskinstance.py:441} INFO - ::group::Post task execution logs
[2025-11-26T04:11:56.874+0000] {taskinstance.py:2905} ERROR - Task failed with exception
Traceback (most recent call last):
  File "/home/airflow/.local/lib/python3.10/site-packages/airflow/models/taskinstance.py", line 465, in _execute_task
    result = _execute_callable(context=context, **execute_callable_kwargs)
  File "/home/airflow/.local/lib/python3.10/site-packages/airflow/models/taskinstance.py", line 432, in _execute_callable
    return execute_callable(context=context, **execute_callable_kwargs)
  File "/home/airflow/.local/lib/python3.10/site-packages/airflow/models/baseoperator.py", line 401, in wrapper
    return func(self, *args, **kwargs)
  File "/home/airflow/.local/lib/python3.10/site-packages/airflow/operators/bash.py", line 243, in execute
    raise AirflowException(
airflow.exceptions.AirflowException: Bash command failed. The command returned a non-zero exit code 1.
[2025-11-26T04:11:56.894+0000] {taskinstance.py:1206} INFO - Marking task as FAILED. dag_id=titanic_pipeline, task_id=train_model, run_id=scheduled__2025-11-26T04:05:00+00:00, execution_date=20251126T040500, start_date=20251126T041123, end_date=20251126T041156
[2025-11-26T04:11:56.924+0000] {standard_task_runner.py:110} ERROR - Failed to execute job 33 for task train_model (Bash command failed. The command returned a non-zero exit code 1.; 207)
[2025-11-26T04:11:56.979+0000] {local_task_job_runner.py:240} INFO - Task exited with return code 1
[2025-11-26T04:11:57.018+0000] {taskinstance.py:3503} INFO - 0 downstream tasks scheduled from follow-on schedule check
[2025-11-26T04:11:57.028+0000] {local_task_job_runner.py:222} INFO - ::endgroup::
