[2025-11-26T07:29:42.538+0000] {local_task_job_runner.py:120} INFO - ::group::Pre task execution logs
[2025-11-26T07:29:42.604+0000] {taskinstance.py:2076} INFO - Dependencies all met for dep_context=non-requeueable deps ti=<TaskInstance: titanic_pipeline.preprocess_data scheduled__2025-11-26T07:20:00+00:00 [queued]>
[2025-11-26T07:29:42.616+0000] {taskinstance.py:2076} INFO - Dependencies all met for dep_context=requeueable deps ti=<TaskInstance: titanic_pipeline.preprocess_data scheduled__2025-11-26T07:20:00+00:00 [queued]>
[2025-11-26T07:29:42.617+0000] {taskinstance.py:2306} INFO - Starting attempt 1 of 2
[2025-11-26T07:29:42.636+0000] {taskinstance.py:2330} INFO - Executing <Task(BashOperator): preprocess_data> on 2025-11-26 07:20:00+00:00
[2025-11-26T07:29:42.653+0000] {standard_task_runner.py:63} INFO - Started process 54 to run task
[2025-11-26T07:29:42.659+0000] {standard_task_runner.py:90} INFO - Running: ['***', 'tasks', 'run', 'titanic_pipeline', 'preprocess_data', 'scheduled__2025-11-26T07:20:00+00:00', '--job-id', '3', '--raw', '--subdir', 'DAGS_FOLDER/training_pipeline_dag.py', '--cfg-path', '/tmp/tmpyh1gn9oh']
[2025-11-26T07:29:42.662+0000] {standard_task_runner.py:91} INFO - Job 3: Subtask preprocess_data
[2025-11-26T07:29:42.691+0000] {warnings.py:109} WARNING - /home/***/.local/lib/python3.10/site-packages/***/settings.py:195: DeprecationWarning: The sql_alchemy_conn option in [core] has been moved to the sql_alchemy_conn option in [database] - the old setting has been used, but please update your config.
  SQL_ALCHEMY_CONN = conf.get("database", "SQL_ALCHEMY_CONN")

[2025-11-26T07:29:42.846+0000] {task_command.py:426} INFO - Running <TaskInstance: titanic_pipeline.preprocess_data scheduled__2025-11-26T07:20:00+00:00 [running]> on host acfcbdbba603
[2025-11-26T07:29:42.996+0000] {taskinstance.py:2648} INFO - Exporting env vars: AIRFLOW_CTX_DAG_OWNER='***' AIRFLOW_CTX_DAG_ID='titanic_pipeline' AIRFLOW_CTX_TASK_ID='preprocess_data' AIRFLOW_CTX_EXECUTION_DATE='2025-11-26T07:20:00+00:00' AIRFLOW_CTX_TRY_NUMBER='1' AIRFLOW_CTX_DAG_RUN_ID='scheduled__2025-11-26T07:20:00+00:00'
[2025-11-26T07:29:42.997+0000] {taskinstance.py:430} INFO - ::endgroup::
[2025-11-26T07:29:43.062+0000] {subprocess.py:63} INFO - Tmp dir root location: /tmp
[2025-11-26T07:29:43.068+0000] {subprocess.py:75} INFO - Running command: ['/usr/bin/bash', '-c', 'python /opt/***/scripts/preprocess.py /opt/***/data/titanic.csv /opt/***/data/cleaned_data.csv']
[2025-11-26T07:29:43.093+0000] {subprocess.py:86} INFO - Output:
[2025-11-26T07:29:43.462+0000] {subprocess.py:93} INFO - Traceback (most recent call last):
[2025-11-26T07:29:43.463+0000] {subprocess.py:93} INFO -   File "/opt/***/scripts/preprocess.py", line 7, in <module>
[2025-11-26T07:29:43.466+0000] {subprocess.py:93} INFO -     import pandas as pd
[2025-11-26T07:29:43.468+0000] {subprocess.py:93} INFO -   File "<frozen importlib._bootstrap>", line 1027, in _find_and_load
[2025-11-26T07:29:43.471+0000] {subprocess.py:93} INFO -   File "<frozen importlib._bootstrap>", line 1002, in _find_and_load_unlocked
[2025-11-26T07:29:43.472+0000] {subprocess.py:93} INFO -   File "<frozen importlib._bootstrap>", line 945, in _find_spec
[2025-11-26T07:29:43.473+0000] {subprocess.py:93} INFO -   File "<frozen importlib._bootstrap_external>", line 1439, in find_spec
[2025-11-26T07:29:43.475+0000] {subprocess.py:93} INFO -   File "<frozen importlib._bootstrap_external>", line 1411, in _get_spec
[2025-11-26T07:29:43.480+0000] {subprocess.py:93} INFO -   File "<frozen importlib._bootstrap_external>", line 1548, in find_spec
[2025-11-26T07:29:43.481+0000] {subprocess.py:93} INFO -   File "<frozen importlib._bootstrap_external>", line 1591, in _fill_cache
[2025-11-26T07:29:43.482+0000] {subprocess.py:93} INFO - OSError: [Errno 12] Cannot allocate memory: '/opt/***/scripts'
[2025-11-26T07:29:43.483+0000] {subprocess.py:97} INFO - Command exited with return code 1
[2025-11-26T07:29:43.485+0000] {taskinstance.py:441} INFO - ::group::Post task execution logs
[2025-11-26T07:29:43.508+0000] {taskinstance.py:2905} ERROR - Task failed with exception
Traceback (most recent call last):
  File "/home/airflow/.local/lib/python3.10/site-packages/airflow/models/taskinstance.py", line 465, in _execute_task
    result = _execute_callable(context=context, **execute_callable_kwargs)
  File "/home/airflow/.local/lib/python3.10/site-packages/airflow/models/taskinstance.py", line 432, in _execute_callable
    return execute_callable(context=context, **execute_callable_kwargs)
  File "/home/airflow/.local/lib/python3.10/site-packages/airflow/models/baseoperator.py", line 401, in wrapper
    return func(self, *args, **kwargs)
  File "/home/airflow/.local/lib/python3.10/site-packages/airflow/operators/bash.py", line 243, in execute
    raise AirflowException(
airflow.exceptions.AirflowException: Bash command failed. The command returned a non-zero exit code 1.
[2025-11-26T07:29:43.518+0000] {taskinstance.py:1206} INFO - Marking task as UP_FOR_RETRY. dag_id=titanic_pipeline, task_id=preprocess_data, run_id=scheduled__2025-11-26T07:20:00+00:00, execution_date=20251126T072000, start_date=20251126T072942, end_date=20251126T072943
[2025-11-26T07:29:43.551+0000] {standard_task_runner.py:110} ERROR - Failed to execute job 3 for task preprocess_data (Bash command failed. The command returned a non-zero exit code 1.; 54)
[2025-11-26T07:29:43.600+0000] {local_task_job_runner.py:240} INFO - Task exited with return code 1
[2025-11-26T07:29:43.633+0000] {taskinstance.py:3503} INFO - 0 downstream tasks scheduled from follow-on schedule check
[2025-11-26T07:29:43.640+0000] {local_task_job_runner.py:222} INFO - ::endgroup::
