[2025-11-26T07:30:44.884+0000] {local_task_job_runner.py:120} INFO - ::group::Pre task execution logs
[2025-11-26T07:30:44.922+0000] {taskinstance.py:2076} INFO - Dependencies all met for dep_context=non-requeueable deps ti=<TaskInstance: titanic_pipeline.preprocess_data scheduled__2025-11-26T07:20:00+00:00 [queued]>
[2025-11-26T07:30:44.931+0000] {taskinstance.py:2076} INFO - Dependencies all met for dep_context=requeueable deps ti=<TaskInstance: titanic_pipeline.preprocess_data scheduled__2025-11-26T07:20:00+00:00 [queued]>
[2025-11-26T07:30:44.932+0000] {taskinstance.py:2306} INFO - Starting attempt 2 of 2
[2025-11-26T07:30:44.948+0000] {taskinstance.py:2330} INFO - Executing <Task(BashOperator): preprocess_data> on 2025-11-26 07:20:00+00:00
[2025-11-26T07:30:44.953+0000] {standard_task_runner.py:63} INFO - Started process 106 to run task
[2025-11-26T07:30:44.956+0000] {standard_task_runner.py:90} INFO - Running: ['***', 'tasks', 'run', 'titanic_pipeline', 'preprocess_data', 'scheduled__2025-11-26T07:20:00+00:00', '--job-id', '6', '--raw', '--subdir', 'DAGS_FOLDER/training_pipeline_dag.py', '--cfg-path', '/tmp/tmp37lm9wi5']
[2025-11-26T07:30:44.959+0000] {standard_task_runner.py:91} INFO - Job 6: Subtask preprocess_data
[2025-11-26T07:30:44.980+0000] {warnings.py:109} WARNING - /home/***/.local/lib/python3.10/site-packages/***/settings.py:195: DeprecationWarning: The sql_alchemy_conn option in [core] has been moved to the sql_alchemy_conn option in [database] - the old setting has been used, but please update your config.
  SQL_ALCHEMY_CONN = conf.get("database", "SQL_ALCHEMY_CONN")

[2025-11-26T07:30:45.065+0000] {task_command.py:426} INFO - Running <TaskInstance: titanic_pipeline.preprocess_data scheduled__2025-11-26T07:20:00+00:00 [running]> on host acfcbdbba603
[2025-11-26T07:30:45.155+0000] {taskinstance.py:2648} INFO - Exporting env vars: AIRFLOW_CTX_DAG_OWNER='***' AIRFLOW_CTX_DAG_ID='titanic_pipeline' AIRFLOW_CTX_TASK_ID='preprocess_data' AIRFLOW_CTX_EXECUTION_DATE='2025-11-26T07:20:00+00:00' AIRFLOW_CTX_TRY_NUMBER='2' AIRFLOW_CTX_DAG_RUN_ID='scheduled__2025-11-26T07:20:00+00:00'
[2025-11-26T07:30:45.156+0000] {taskinstance.py:430} INFO - ::endgroup::
[2025-11-26T07:30:45.194+0000] {subprocess.py:63} INFO - Tmp dir root location: /tmp
[2025-11-26T07:30:45.195+0000] {subprocess.py:75} INFO - Running command: ['/usr/bin/bash', '-c', 'python /opt/***/scripts/preprocess.py /opt/***/data/titanic.csv /opt/***/data/cleaned_data.csv']
[2025-11-26T07:30:45.211+0000] {subprocess.py:86} INFO - Output:
[2025-11-26T07:30:46.925+0000] {subprocess.py:93} INFO - Loading raw data from: /opt/***/data/titanic.csv
[2025-11-26T07:30:46.926+0000] {subprocess.py:93} INFO - Data processing complete. Writing processed dataset to /opt/***/data/cleaned_data.csv...
[2025-11-26T07:30:46.927+0000] {subprocess.py:93} INFO - Wrote processed dataset to /opt/***/data/cleaned_data.csv
[2025-11-26T07:30:47.256+0000] {subprocess.py:97} INFO - Command exited with return code 0
[2025-11-26T07:30:47.280+0000] {taskinstance.py:441} INFO - ::group::Post task execution logs
[2025-11-26T07:30:47.512+0000] {taskinstance.py:1206} INFO - Marking task as SUCCESS. dag_id=titanic_pipeline, task_id=preprocess_data, run_id=scheduled__2025-11-26T07:20:00+00:00, execution_date=20251126T072000, start_date=20251126T073044, end_date=20251126T073047
[2025-11-26T07:30:47.564+0000] {local_task_job_runner.py:240} INFO - Task exited with return code 0
[2025-11-26T07:30:47.595+0000] {taskinstance.py:3503} INFO - 1 downstream tasks scheduled from follow-on schedule check
[2025-11-26T07:30:47.601+0000] {local_task_job_runner.py:222} INFO - ::endgroup::
