[2025-11-26T10:03:19.585+0000] {local_task_job_runner.py:120} INFO - ::group::Pre task execution logs
[2025-11-26T10:03:19.611+0000] {taskinstance.py:2076} INFO - Dependencies all met for dep_context=non-requeueable deps ti=<TaskInstance: titanic_pipeline.preprocess_data manual__2025-11-26T10:03:17.639394+00:00 [queued]>
[2025-11-26T10:03:19.619+0000] {taskinstance.py:2076} INFO - Dependencies all met for dep_context=requeueable deps ti=<TaskInstance: titanic_pipeline.preprocess_data manual__2025-11-26T10:03:17.639394+00:00 [queued]>
[2025-11-26T10:03:19.620+0000] {taskinstance.py:2306} INFO - Starting attempt 1 of 2
[2025-11-26T10:03:19.634+0000] {taskinstance.py:2330} INFO - Executing <Task(BashOperator): preprocess_data> on 2025-11-26 10:03:17.639394+00:00
[2025-11-26T10:03:19.639+0000] {standard_task_runner.py:63} INFO - Started process 55 to run task
[2025-11-26T10:03:19.643+0000] {standard_task_runner.py:90} INFO - Running: ['***', 'tasks', 'run', 'titanic_pipeline', 'preprocess_data', 'manual__2025-11-26T10:03:17.639394+00:00', '--job-id', '5', '--raw', '--subdir', 'DAGS_FOLDER/training_pipeline_dag.py', '--cfg-path', '/tmp/tmpwxhayne4']
[2025-11-26T10:03:19.645+0000] {standard_task_runner.py:91} INFO - Job 5: Subtask preprocess_data
[2025-11-26T10:03:19.668+0000] {warnings.py:109} WARNING - /home/***/.local/lib/python3.10/site-packages/***/settings.py:195: DeprecationWarning: The sql_alchemy_conn option in [core] has been moved to the sql_alchemy_conn option in [database] - the old setting has been used, but please update your config.
  SQL_ALCHEMY_CONN = conf.get("database", "SQL_ALCHEMY_CONN")

[2025-11-26T10:03:19.854+0000] {task_command.py:426} INFO - Running <TaskInstance: titanic_pipeline.preprocess_data manual__2025-11-26T10:03:17.639394+00:00 [running]> on host b48a49dd025b
[2025-11-26T10:03:19.980+0000] {taskinstance.py:2648} INFO - Exporting env vars: AIRFLOW_CTX_DAG_OWNER='***' AIRFLOW_CTX_DAG_ID='titanic_pipeline' AIRFLOW_CTX_TASK_ID='preprocess_data' AIRFLOW_CTX_EXECUTION_DATE='2025-11-26T10:03:17.639394+00:00' AIRFLOW_CTX_TRY_NUMBER='1' AIRFLOW_CTX_DAG_RUN_ID='manual__2025-11-26T10:03:17.639394+00:00'
[2025-11-26T10:03:19.981+0000] {taskinstance.py:430} INFO - ::endgroup::
[2025-11-26T10:03:20.035+0000] {subprocess.py:63} INFO - Tmp dir root location: /tmp
[2025-11-26T10:03:20.037+0000] {subprocess.py:75} INFO - Running command: ['/usr/bin/bash', '-c', 'python /opt/***/scripts/preprocess.py /opt/***/data/titanic.csv /opt/***/data/cleaned_data.csv']
[2025-11-26T10:03:20.052+0000] {subprocess.py:86} INFO - Output:
[2025-11-26T10:03:22.630+0000] {subprocess.py:93} INFO - Loading raw data from: /opt/***/data/titanic.csv
[2025-11-26T10:03:22.646+0000] {subprocess.py:93} INFO - Data processing complete. Writing processed dataset to /opt/***/data/cleaned_data.csv...
[2025-11-26T10:03:22.647+0000] {subprocess.py:93} INFO - Wrote processed dataset to /opt/***/data/cleaned_data.csv
[2025-11-26T10:03:22.989+0000] {subprocess.py:97} INFO - Command exited with return code 0
[2025-11-26T10:03:23.011+0000] {taskinstance.py:441} INFO - ::group::Post task execution logs
[2025-11-26T10:03:23.174+0000] {taskinstance.py:1206} INFO - Marking task as SUCCESS. dag_id=titanic_pipeline, task_id=preprocess_data, run_id=manual__2025-11-26T10:03:17.639394+00:00, execution_date=20251126T100317, start_date=20251126T100319, end_date=20251126T100323
[2025-11-26T10:03:23.238+0000] {local_task_job_runner.py:240} INFO - Task exited with return code 0
[2025-11-26T10:03:23.265+0000] {taskinstance.py:3503} INFO - 1 downstream tasks scheduled from follow-on schedule check
[2025-11-26T10:03:23.270+0000] {local_task_job_runner.py:222} INFO - ::endgroup::
