[2025-11-26T07:50:15.180+0000] {local_task_job_runner.py:120} INFO - ::group::Pre task execution logs
[2025-11-26T07:50:15.219+0000] {taskinstance.py:2076} INFO - Dependencies all met for dep_context=non-requeueable deps ti=<TaskInstance: titanic_pipeline.train_model scheduled__2025-11-26T07:45:00+00:00 [queued]>
[2025-11-26T07:50:15.234+0000] {taskinstance.py:2076} INFO - Dependencies all met for dep_context=requeueable deps ti=<TaskInstance: titanic_pipeline.train_model scheduled__2025-11-26T07:45:00+00:00 [queued]>
[2025-11-26T07:50:15.235+0000] {taskinstance.py:2306} INFO - Starting attempt 1 of 2
[2025-11-26T07:50:15.256+0000] {taskinstance.py:2330} INFO - Executing <Task(BashOperator): train_model> on 2025-11-26 07:45:00+00:00
[2025-11-26T07:50:15.265+0000] {standard_task_runner.py:63} INFO - Started process 106 to run task
[2025-11-26T07:50:15.272+0000] {standard_task_runner.py:90} INFO - Running: ['***', 'tasks', 'run', 'titanic_pipeline', 'train_model', 'scheduled__2025-11-26T07:45:00+00:00', '--job-id', '21', '--raw', '--subdir', 'DAGS_FOLDER/training_pipeline_dag.py', '--cfg-path', '/tmp/tmpyt3e1c12']
[2025-11-26T07:50:15.274+0000] {standard_task_runner.py:91} INFO - Job 21: Subtask train_model
[2025-11-26T07:50:15.306+0000] {warnings.py:109} WARNING - /home/***/.local/lib/python3.10/site-packages/***/settings.py:195: DeprecationWarning: The sql_alchemy_conn option in [core] has been moved to the sql_alchemy_conn option in [database] - the old setting has been used, but please update your config.
  SQL_ALCHEMY_CONN = conf.get("database", "SQL_ALCHEMY_CONN")

[2025-11-26T07:50:15.450+0000] {task_command.py:426} INFO - Running <TaskInstance: titanic_pipeline.train_model scheduled__2025-11-26T07:45:00+00:00 [running]> on host 0ecbab3de5f6
[2025-11-26T07:50:15.647+0000] {taskinstance.py:2648} INFO - Exporting env vars: AIRFLOW_CTX_DAG_OWNER='***' AIRFLOW_CTX_DAG_ID='titanic_pipeline' AIRFLOW_CTX_TASK_ID='train_model' AIRFLOW_CTX_EXECUTION_DATE='2025-11-26T07:45:00+00:00' AIRFLOW_CTX_TRY_NUMBER='1' AIRFLOW_CTX_DAG_RUN_ID='scheduled__2025-11-26T07:45:00+00:00'
[2025-11-26T07:50:15.648+0000] {taskinstance.py:430} INFO - ::endgroup::
[2025-11-26T07:50:15.672+0000] {subprocess.py:63} INFO - Tmp dir root location: /tmp
[2025-11-26T07:50:15.675+0000] {subprocess.py:75} INFO - Running command: ['/usr/bin/bash', '-c', 'python /opt/***/scripts/train_model.py /opt/***/data/cleaned_data.csv']
[2025-11-26T07:50:15.696+0000] {subprocess.py:86} INFO - Output:
[2025-11-26T07:50:26.289+0000] {subprocess.py:93} INFO - 2025/11/26 07:50:26 WARNING mlflow.models.model: `artifact_path` is deprecated. Please use `name` instead.
[2025-11-26T07:50:30.657+0000] {subprocess.py:93} INFO - Loading processed data from: /opt/***/data/cleaned_data.csv
[2025-11-26T07:50:30.663+0000] {subprocess.py:93} INFO - 
[2025-11-26T07:50:30.664+0000] {subprocess.py:93} INFO - === Logging model to MLflow ===
[2025-11-26T07:50:30.665+0000] {subprocess.py:93} INFO - 🏃 View run amazing-stoat-494 at: http://mlflow-server:5000/#/experiments/1/runs/3cbd7be7c2284acb87b53b8ee9692cbb
[2025-11-26T07:50:30.667+0000] {subprocess.py:93} INFO - 🧪 View experiment at: http://mlflow-server:5000/#/experiments/1
[2025-11-26T07:50:30.668+0000] {subprocess.py:93} INFO - Traceback (most recent call last):
[2025-11-26T07:50:30.670+0000] {subprocess.py:93} INFO -   File "/opt/***/scripts/train_model.py", line 95, in <module>
[2025-11-26T07:50:30.671+0000] {subprocess.py:93} INFO -     train(sys.argv[1])
[2025-11-26T07:50:30.672+0000] {subprocess.py:93} INFO -   File "/opt/***/scripts/train_model.py", line 62, in train
[2025-11-26T07:50:30.674+0000] {subprocess.py:93} INFO -     model_info = mlflow.sklearn.log_model(
[2025-11-26T07:50:30.675+0000] {subprocess.py:93} INFO -   File "/home/***/.local/lib/python3.10/site-packages/mlflow/sklearn/__init__.py", line 426, in log_model
[2025-11-26T07:50:30.677+0000] {subprocess.py:93} INFO -     return Model.log(
[2025-11-26T07:50:30.678+0000] {subprocess.py:93} INFO -   File "/home/***/.local/lib/python3.10/site-packages/mlflow/models/model.py", line 1165, in log
[2025-11-26T07:50:30.679+0000] {subprocess.py:93} INFO -     model = _create_logged_model(
[2025-11-26T07:50:30.680+0000] {subprocess.py:93} INFO -   File "/home/***/.local/lib/python3.10/site-packages/mlflow/tracking/fluent.py", line 2330, in _create_logged_model
[2025-11-26T07:50:30.682+0000] {subprocess.py:93} INFO -     return MlflowClient()._create_logged_model(
[2025-11-26T07:50:30.683+0000] {subprocess.py:93} INFO -   File "/home/***/.local/lib/python3.10/site-packages/mlflow/tracking/client.py", line 5500, in _create_logged_model
[2025-11-26T07:50:30.685+0000] {subprocess.py:93} INFO -     return self._tracking_client.create_logged_model(
[2025-11-26T07:50:30.686+0000] {subprocess.py:93} INFO -   File "/home/***/.local/lib/python3.10/site-packages/mlflow/telemetry/track.py", line 30, in wrapper
[2025-11-26T07:50:30.687+0000] {subprocess.py:93} INFO -     result = func(*args, **kwargs)
[2025-11-26T07:50:30.688+0000] {subprocess.py:93} INFO -   File "/home/***/.local/lib/python3.10/site-packages/mlflow/tracking/_tracking_service/client.py", line 870, in create_logged_model
[2025-11-26T07:50:30.690+0000] {subprocess.py:93} INFO -     return self.store.create_logged_model(
[2025-11-26T07:50:30.691+0000] {subprocess.py:93} INFO -   File "/home/***/.local/lib/python3.10/site-packages/mlflow/store/tracking/rest_store.py", line 932, in create_logged_model
[2025-11-26T07:50:30.692+0000] {subprocess.py:93} INFO -     response_proto = self._call_endpoint(CreateLoggedModel, req_body)
[2025-11-26T07:50:30.693+0000] {subprocess.py:93} INFO -   File "/home/***/.local/lib/python3.10/site-packages/mlflow/store/tracking/rest_store.py", line 203, in _call_endpoint
[2025-11-26T07:50:30.695+0000] {subprocess.py:93} INFO -     return call_endpoint(
[2025-11-26T07:50:30.696+0000] {subprocess.py:93} INFO -   File "/home/***/.local/lib/python3.10/site-packages/mlflow/utils/rest_utils.py", line 596, in call_endpoint
[2025-11-26T07:50:30.698+0000] {subprocess.py:93} INFO -     response = verify_rest_response(response, endpoint)
[2025-11-26T07:50:30.699+0000] {subprocess.py:93} INFO -   File "/home/***/.local/lib/python3.10/site-packages/mlflow/utils/rest_utils.py", line 321, in verify_rest_response
[2025-11-26T07:50:30.701+0000] {subprocess.py:93} INFO -     raise MlflowException(
[2025-11-26T07:50:30.702+0000] {subprocess.py:93} INFO - mlflow.exceptions.MlflowException: API request to endpoint /api/2.0/mlflow/logged-models failed with error code 404 != 200. Response body: '<!doctype html>
[2025-11-26T07:50:30.703+0000] {subprocess.py:93} INFO - <html lang=en>
[2025-11-26T07:50:30.704+0000] {subprocess.py:93} INFO - <title>404 Not Found</title>
[2025-11-26T07:50:30.705+0000] {subprocess.py:93} INFO - <h1>Not Found</h1>
[2025-11-26T07:50:30.706+0000] {subprocess.py:93} INFO - <p>The requested URL was not found on the server. If you entered the URL manually please check your spelling and try again.</p>
[2025-11-26T07:50:30.707+0000] {subprocess.py:93} INFO - '
[2025-11-26T07:50:31.298+0000] {subprocess.py:97} INFO - Command exited with return code 1
[2025-11-26T07:50:31.303+0000] {taskinstance.py:441} INFO - ::group::Post task execution logs
[2025-11-26T07:50:31.323+0000] {taskinstance.py:2905} ERROR - Task failed with exception
Traceback (most recent call last):
  File "/home/airflow/.local/lib/python3.10/site-packages/airflow/models/taskinstance.py", line 465, in _execute_task
    result = _execute_callable(context=context, **execute_callable_kwargs)
  File "/home/airflow/.local/lib/python3.10/site-packages/airflow/models/taskinstance.py", line 432, in _execute_callable
    return execute_callable(context=context, **execute_callable_kwargs)
  File "/home/airflow/.local/lib/python3.10/site-packages/airflow/models/baseoperator.py", line 401, in wrapper
    return func(self, *args, **kwargs)
  File "/home/airflow/.local/lib/python3.10/site-packages/airflow/operators/bash.py", line 243, in execute
    raise AirflowException(
airflow.exceptions.AirflowException: Bash command failed. The command returned a non-zero exit code 1.
[2025-11-26T07:50:31.337+0000] {taskinstance.py:1206} INFO - Marking task as UP_FOR_RETRY. dag_id=titanic_pipeline, task_id=train_model, run_id=scheduled__2025-11-26T07:45:00+00:00, execution_date=20251126T074500, start_date=20251126T075015, end_date=20251126T075031
[2025-11-26T07:50:31.363+0000] {standard_task_runner.py:110} ERROR - Failed to execute job 21 for task train_model (Bash command failed. The command returned a non-zero exit code 1.; 106)
[2025-11-26T07:50:31.414+0000] {local_task_job_runner.py:240} INFO - Task exited with return code 1
[2025-11-26T07:50:31.443+0000] {taskinstance.py:3503} INFO - 0 downstream tasks scheduled from follow-on schedule check
[2025-11-26T07:50:31.448+0000] {local_task_job_runner.py:222} INFO - ::endgroup::
